-------------------------------------------------------------------------------
Test set: Wikipedia search feature
-------------------------------------------------------------------------------
Tests run: 9, Failures: 1, Errors: 0, Skipped: 0, Time elapsed: 23.203 s <<< FAILURE! - in Wikipedia search feature
Wikipedia search feature.Wikipedia search header verification #3  Time elapsed: 3.005 s  <<< FAILURE!
java.lang.AssertionError

